Vivado Simulator 2020.2
Copyright 1986-1999, 2001-2020 Xilinx, Inc. All Rights Reserved.
Running: /home/baotran/Xilinx/Vivado/2020.2/bin/unwrapped/lnx64.o/xelab -wto 9e1c4ee2b2ef4d61b9da7348b9d2d988 --incr --debug typical --relax --mt 8 -L xil_defaultlib -L uvm -L unisims_ver -L unimacro_ver -L secureip --snapshot RGB_to_Gray_tb_behav xil_defaultlib.RGB_to_Gray_tb xil_defaultlib.glbl -log elaborate.log 
Using 8 slave threads.
Starting static elaboration
Pass Through NonSizing Optimizer
Completed static elaboration
Starting simulation data flow analysis
Completed simulation data flow analysis
Time Resolution for simulation is 1ps
Compiling module xil_defaultlib.int_to_fp
Compiling module xil_defaultlib.Multiplication
Compiling module xil_defaultlib.priority_encoder
Compiling module xil_defaultlib.Addition_Subtraction
Compiling module xil_defaultlib.Addition
Compiling module xil_defaultlib.fp_to_int
Compiling module xil_defaultlib.Datapath
Compiling module xil_defaultlib.Controller
Compiling module xil_defaultlib.RGB_to_Gray
Compiling module xil_defaultlib.RGB_to_Gray_tb
WARNING: [XSIM 43-3373] "/home/baotran/Desktop/ReponayKphaiChuyende/Assignments/Week4/RTL/RGB_to_Gray.srcs/sim_1/new/RGB_to_Gray_tb.v" Line 115. System function $fscanf is used as system task. This system function should have a LHS e.g. x=$fscanf().
WARNING: [XSIM 43-3373] "/home/baotran/Desktop/ReponayKphaiChuyende/Assignments/Week4/RTL/RGB_to_Gray.srcs/sim_1/new/RGB_to_Gray_tb.v" Line 116. System function $fscanf is used as system task. This system function should have a LHS e.g. x=$fscanf().
WARNING: [XSIM 43-3373] "/home/baotran/Desktop/ReponayKphaiChuyende/Assignments/Week4/RTL/RGB_to_Gray.srcs/sim_1/new/RGB_to_Gray_tb.v" Line 117. System function $fscanf is used as system task. This system function should have a LHS e.g. x=$fscanf().
Compiling module xil_defaultlib.glbl
Built simulation snapshot RGB_to_Gray_tb_behav
